<?xml version="1.0" encoding="UTF-8"?>
<!-- Generated by org.testng.reporters.JUnitXMLReporter -->
<testsuite ignored="0" hostname="DESKTOP-5HITFVQ" failures="0" tests="2" name="Default test" time="22.917" errors="0" timestamp="2026-05-26T16:21:46 IST">
  <testcase classname="TutorialsNinja.Register.TC_RF_027" name="verifyRegisteringAccountInDifferentTestEnvironments" time="8.646"/>
  <testcase classname="TutorialsNinja.Register.TC_RF_027" name="verifyRegisteringAccountInDifferentTestEnvironments" time="14.175"/>
</testsuite> <!-- Default test -->
