<?xml version="1.0" encoding="UTF-8"?>
<testng-results ignored="0" total="1" passed="1" failed="0" skipped="0">
  <reporter-output>
  </reporter-output>
  <suite started-at="2026-05-15T15:24:00 IST" name="Default suite" finished-at="2026-05-15T15:24:07 IST" duration-ms="7674">
    <groups>
    </groups>
    <test started-at="2026-05-15T15:24:00 IST" name="Default test" finished-at="2026-05-15T15:24:07 IST" duration-ms="7674">
      <class name="TutorialsNinja.Register.TC_RF_006">
        <test-method signature="VerifyAccountRegistrationWithNoOptionIsSelectedForTheNewsletterField()[pri:0, instance:TutorialsNinja.Register.TC_RF_006@4135c3b]" started-at="2026-05-15T15:24:00 IST" name="VerifyAccountRegistrationWithNoOptionIsSelectedForTheNewsletterField" finished-at="2026-05-15T15:24:07 IST" duration-ms="7600" status="PASS">
          <reporter-output>
          </reporter-output>
        </test-method> <!-- VerifyAccountRegistrationWithNoOptionIsSelectedForTheNewsletterField -->
      </class> <!-- TutorialsNinja.Register.TC_RF_006 -->
    </test> <!-- Default test -->
  </suite> <!-- Default suite -->
</testng-results>
