<?xml version="1.0" encoding="UTF-8"?>
<testng-results ignored="0" total="1" passed="1" failed="0" skipped="0">
  <reporter-output>
  </reporter-output>
  <suite started-at="2026-05-15T17:46:14 IST" name="Default suite" finished-at="2026-05-15T17:46:21 IST" duration-ms="6710">
    <groups>
    </groups>
    <test started-at="2026-05-15T17:46:14 IST" name="Default test" finished-at="2026-05-15T17:46:21 IST" duration-ms="6710">
      <class name="TutorialsNinja.Register.TC_RF_009">
        <test-method signature="VerifyRegisteringAccountWithExistingEmail()[pri:0, instance:TutorialsNinja.Register.TC_RF_009@2a65fe7c]" started-at="2026-05-15T17:46:14 IST" name="VerifyRegisteringAccountWithExistingEmail" finished-at="2026-05-15T17:46:21 IST" duration-ms="6639" status="PASS">
          <reporter-output>
          </reporter-output>
        </test-method> <!-- VerifyRegisteringAccountWithExistingEmail -->
      </class> <!-- TutorialsNinja.Register.TC_RF_009 -->
    </test> <!-- Default test -->
  </suite> <!-- Default suite -->
</testng-results>
