<?xml version="1.0" encoding="UTF-8"?>
<!-- Generated by org.testng.reporters.JUnitReportReporter -->
<testsuite hostname="DESKTOP-5HITFVQ" failures="0" tests="2" name="TutorialsNinja.Register.TC_RF_027" time="22.821" errors="0" timestamp="2026-05-26T16:21:46 IST" skipped="0">
  <testcase classname="TutorialsNinja.Register.TC_RF_027" name="verifyRegisteringAccountInDifferentTestEnvironments" time="14.175"/>
  <testcase classname="TutorialsNinja.Register.TC_RF_027" name="verifyRegisteringAccountInDifferentTestEnvironments" time="8.646"/>
</testsuite> <!-- TutorialsNinja.Register.TC_RF_027 -->
