<?xml version="1.0" encoding="UTF-8"?>
<!-- Generated by org.testng.reporters.JUnitReportReporter -->
<testsuite hostname="DESKTOP-5HITFVQ" failures="0" tests="3" name="TutorialsNinja.Register.TC_RF_027" time="120.252" errors="0" timestamp="2026-05-26T16:40:34 IST" skipped="0">
  <testcase classname="TutorialsNinja.Register.TC_RF_027" name="verifyRegisteringAccountInDifferentTestEnvironments" time="7.475"/>
  <testcase classname="TutorialsNinja.Register.TC_RF_027" name="verifyRegisteringAccountInDifferentTestEnvironments" time="8.379"/>
  <testcase classname="TutorialsNinja.Register.TC_RF_027" name="verifyRegisteringAccountInDifferentTestEnvironments" time="104.398"/>
</testsuite> <!-- TutorialsNinja.Register.TC_RF_027 -->
